\BOOKMARK [1][-]{section.1}{Introduction}{}% 1
\BOOKMARK [1][-]{section.2}{Background}{}% 2
\BOOKMARK [2][-]{subsection.2.1}{Reservoir Computing}{section.2}% 3
\BOOKMARK [2][-]{subsection.2.2}{Cellular Automata}{section.2}% 4
\BOOKMARK [2][-]{subsection.2.3}{Previous Work}{section.2}% 5
\BOOKMARK [1][-]{section.3}{Method}{}% 6
\BOOKMARK [2][-]{subsection.3.1}{ReCA System Design}{section.3}% 7
\BOOKMARK [2][-]{subsection.3.2}{Readout Layer}{section.3}% 8
\BOOKMARK [1][-]{section.4}{Benchmark Tests}{}% 9
\BOOKMARK [2][-]{subsection.4.1}{Five Bit Memory Task}{section.4}% 10
\BOOKMARK [2][-]{subsection.4.2}{Temporal Density and Temporal Parity}{section.4}% 11
\BOOKMARK [1][-]{section.5}{Experiments}{}% 12
\BOOKMARK [2][-]{subsection.5.1}{5-Bit Memory Task}{section.5}% 13
\BOOKMARK [3][-]{subsubsection.5.1.1}{Three State CA Reservoir}{subsection.5.1}% 14
\BOOKMARK [3][-]{subsubsection.5.1.2}{Neighborhood Five CA Reservoir}{subsection.5.1}% 15
\BOOKMARK [3][-]{subsubsection.5.1.3}{Population Density Rules}{subsection.5.1}% 16
\BOOKMARK [3][-]{subsubsection.5.1.4}{Evolving Complex CA Rules}{subsection.5.1}% 17
\BOOKMARK [2][-]{subsection.5.2}{Temporal Density and Temporal Parity}{section.5}% 18
\BOOKMARK [2][-]{subsection.5.3}{Non-Uniform Reservoir}{section.5}% 19
\BOOKMARK [1][-]{section.6}{Results}{}% 20
\BOOKMARK [1][-]{section.7}{Discussion}{}% 21
\BOOKMARK [2][-]{subsection.7.1}{5-bit Memory Task}{section.7}% 22
\BOOKMARK [2][-]{subsection.7.2}{Temporal Density and Temporal Parity}{section.7}% 23
\BOOKMARK [1][-]{section.8}{Conclusion}{}% 24
